{"/Users/mark/Coding/Learn Maltese/learn-maltese/index.js":{"path":"/Users/mark/Coding/Learn Maltese/learn-maltese/index.js","s":{"1":1,"2":1,"3":1,"4":1,"5":1,"6":1,"7":1,"8":0,"9":0,"10":0,"11":0,"12":0,"13":0,"14":0,"15":0,"16":0,"17":0,"18":0,"19":0,"20":0,"21":0,"22":0},"b":{},"f":{},"fnMap":{},"statementMap":{"1":{"start":{"line":1,"column":0},"end":{"line":1,"column":43}},"2":{"start":{"line":2,"column":0},"end":{"line":2,"column":44}},"3":{"start":{"line":3,"column":0},"end":{"line":3,"column":42}},"4":{"start":{"line":4,"column":0},"end":{"line":4,"column":47}},"5":{"start":{"line":5,"column":0},"end":{"line":5,"column":34}},"6":{"start":{"line":7,"column":0},"end":{"line":7,"column":56}},"7":{"start":{"line":8,"column":0},"end":{"line":8,"column":51}},"8":{"start":{"line":9,"column":0},"end":{"line":9,"column":57}},"9":{"start":{"line":10,"column":0},"end":{"line":10,"column":54}},"10":{"start":{"line":12,"column":0},"end":{"line":12,"column":44}},"11":{"start":{"line":13,"column":0},"end":{"line":13,"column":50}},"12":{"start":{"line":15,"column":0},"end":{"line":15,"column":23}},"13":{"start":{"line":16,"column":0},"end":{"line":16,"column":47}},"14":{"start":{"line":17,"column":0},"end":{"line":17,"column":27}},"15":{"start":{"line":19,"column":0},"end":{"line":19,"column":25}},"16":{"start":{"line":21,"column":0},"end":{"line":21,"column":24}},"17":{"start":{"line":22,"column":0},"end":{"line":22,"column":76}},"18":{"start":{"line":22,"column":28},"end":{"line":22,"column":74}},"19":{"start":{"line":23,"column":0},"end":{"line":23,"column":22}},"20":{"start":{"line":25,"column":0},"end":{"line":25,"column":76}},"21":{"start":{"line":25,"column":23},"end":{"line":25,"column":74}},"22":{"start":{"line":27,"column":0},"end":{"line":27,"column":21}}},"branchMap":{}},"/Users/mark/Coding/Learn Maltese/learn-maltese/config/environment.js":{"path":"/Users/mark/Coding/Learn Maltese/learn-maltese/config/environment.js","s":{"1":1,"2":1,"3":1,"4":1},"b":{"1":[1,1],"2":[1,1],"3":[1,1]},"f":{},"fnMap":{},"statementMap":{"1":{"start":{"line":1,"column":0},"end":{"line":1,"column":39}},"2":{"start":{"line":2,"column":0},"end":{"line":2,"column":77}},"3":{"start":{"line":3,"column":0},"end":{"line":3,"column":53}},"4":{"start":{"line":5,"column":0},"end":{"line":5,"column":41}}},"branchMap":{"1":{"line":1,"type":"binary-expr","locations":[{"start":{"line":1,"column":14},"end":{"line":1,"column":30}},{"start":{"line":1,"column":34},"end":{"line":1,"column":38}}]},"2":{"line":2,"type":"binary-expr","locations":[{"start":{"line":2,"column":14},"end":{"line":2,"column":37}},{"start":{"line":2,"column":41},"end":{"line":2,"column":76}}]},"3":{"line":3,"type":"binary-expr","locations":[{"start":{"line":3,"column":15},"end":{"line":3,"column":33}},{"start":{"line":3,"column":37},"end":{"line":3,"column":52}}]}}},"/Users/mark/Coding/Learn Maltese/learn-maltese/config/routes.js":{"path":"/Users/mark/Coding/Learn Maltese/learn-maltese/config/routes.js","s":{"1":1,"2":1,"3":1,"4":0,"5":0,"6":0,"7":0,"8":0,"9":0,"10":0,"11":0,"12":0,"13":0,"14":0,"15":0},"b":{},"f":{},"fnMap":{},"statementMap":{"1":{"start":{"line":1,"column":0},"end":{"line":1,"column":43}},"2":{"start":{"line":2,"column":0},"end":{"line":2,"column":47}},"3":{"start":{"line":3,"column":0},"end":{"line":3,"column":44}},"4":{"start":{"line":4,"column":0},"end":{"line":4,"column":45}},"5":{"start":{"line":5,"column":0},"end":{"line":5,"column":50}},"6":{"start":{"line":7,"column":0},"end":{"line":9,"column":22}},"7":{"start":{"line":11,"column":0},"end":{"line":14,"column":37}},"8":{"start":{"line":16,"column":0},"end":{"line":17,"column":19}},"9":{"start":{"line":19,"column":0},"end":{"line":20,"column":18}},"10":{"start":{"line":22,"column":0},"end":{"line":25,"column":33}},"11":{"start":{"line":27,"column":0},"end":{"line":28,"column":23}},"12":{"start":{"line":30,"column":0},"end":{"line":31,"column":20}},"13":{"start":{"line":33,"column":0},"end":{"line":33,"column":47}},"14":{"start":{"line":33,"column":31},"end":{"line":33,"column":45}},"15":{"start":{"line":35,"column":0},"end":{"line":35,"column":24}}},"branchMap":{}},"/Users/mark/Coding/Learn Maltese/learn-maltese/controllers/cards.js":{"path":"/Users/mark/Coding/Learn Maltese/learn-maltese/controllers/cards.js","s":{"1":1,"2":1,"3":0,"4":0,"5":1,"6":0,"7":0,"8":1,"9":0,"10":0,"11":0,"12":0,"13":1,"14":0,"15":0,"16":1,"17":0,"18":0,"19":1},"b":{"1":[0,0]},"f":{"1":0,"2":0,"3":0,"4":0,"5":0},"fnMap":{"1":{"name":"cardsIndex","line":3,"loc":{"start":{"line":3,"column":0},"end":{"line":3,"column":36}}},"2":{"name":"cardsCreate","line":11,"loc":{"start":{"line":11,"column":0},"end":{"line":11,"column":37}}},"3":{"name":"cardsShow","line":18,"loc":{"start":{"line":18,"column":0},"end":{"line":18,"column":35}}},"4":{"name":"cardsUpdate","line":29,"loc":{"start":{"line":29,"column":0},"end":{"line":29,"column":37}}},"5":{"name":"cardsDelete","line":36,"loc":{"start":{"line":36,"column":0},"end":{"line":36,"column":37}}}},"statementMap":{"1":{"start":{"line":1,"column":0},"end":{"line":1,"column":39}},"2":{"start":{"line":3,"column":0},"end":{"line":9,"column":1}},"3":{"start":{"line":4,"column":2},"end":{"line":8,"column":17}},"4":{"start":{"line":7,"column":19},"end":{"line":7,"column":34}},"5":{"start":{"line":11,"column":0},"end":{"line":16,"column":1}},"6":{"start":{"line":12,"column":2},"end":{"line":15,"column":17}},"7":{"start":{"line":14,"column":18},"end":{"line":14,"column":44}},"8":{"start":{"line":18,"column":0},"end":{"line":27,"column":1}},"9":{"start":{"line":19,"column":2},"end":{"line":26,"column":17}},"10":{"start":{"line":23,"column":6},"end":{"line":23,"column":38}},"11":{"start":{"line":23,"column":16},"end":{"line":23,"column":38}},"12":{"start":{"line":24,"column":6},"end":{"line":24,"column":21}},"13":{"start":{"line":29,"column":0},"end":{"line":34,"column":1}},"14":{"start":{"line":30,"column":2},"end":{"line":33,"column":17}},"15":{"start":{"line":32,"column":18},"end":{"line":32,"column":44}},"16":{"start":{"line":36,"column":0},"end":{"line":41,"column":1}},"17":{"start":{"line":37,"column":2},"end":{"line":40,"column":17}},"18":{"start":{"line":39,"column":16},"end":{"line":39,"column":37}},"19":{"start":{"line":43,"column":0},"end":{"line":49,"column":2}}},"branchMap":{"1":{"line":23,"type":"if","locations":[{"start":{"line":23,"column":6},"end":{"line":23,"column":6}},{"start":{"line":23,"column":6},"end":{"line":23,"column":6}}]}}},"/Users/mark/Coding/Learn Maltese/learn-maltese/models/card.js":{"path":"/Users/mark/Coding/Learn Maltese/learn-maltese/models/card.js","s":{"1":1,"2":1,"3":1,"4":0,"5":0,"6":1},"b":{},"f":{"1":0},"fnMap":{"1":{"name":"(anonymous_1)","line":12,"loc":{"start":{"line":12,"column":11},"end":{"line":12,"column":23}}}},"statementMap":{"1":{"start":{"line":1,"column":0},"end":{"line":1,"column":37}},"2":{"start":{"line":3,"column":0},"end":{"line":7,"column":3}},"3":{"start":{"line":9,"column":0},"end":{"line":16,"column":3}},"4":{"start":{"line":13,"column":4},"end":{"line":13,"column":20}},"5":{"start":{"line":14,"column":4},"end":{"line":14,"column":20}},"6":{"start":{"line":18,"column":0},"end":{"line":18,"column":52}}},"branchMap":{}},"/Users/mark/Coding/Learn Maltese/learn-maltese/controllers/auth.js":{"path":"/Users/mark/Coding/Learn Maltese/learn-maltese/controllers/auth.js","s":{"1":1,"2":1,"3":1,"4":1,"5":0,"6":0,"7":0,"8":1,"9":0,"10":0,"11":0,"12":0,"13":0,"14":0,"15":0},"b":{"1":[0,0],"2":[0,0]},"f":{"1":0,"2":0},"fnMap":{"1":{"name":"register","line":5,"loc":{"start":{"line":5,"column":0},"end":{"line":5,"column":34}}},"2":{"name":"login","line":15,"loc":{"start":{"line":15,"column":0},"end":{"line":15,"column":31}}}},"statementMap":{"1":{"start":{"line":1,"column":0},"end":{"line":1,"column":36}},"2":{"start":{"line":2,"column":0},"end":{"line":2,"column":50}},"3":{"start":{"line":3,"column":0},"end":{"line":3,"column":39}},"4":{"start":{"line":5,"column":0},"end":{"line":13,"column":1}},"5":{"start":{"line":6,"column":2},"end":{"line":12,"column":17}},"6":{"start":{"line":9,"column":6},"end":{"line":9,"column":76}},"7":{"start":{"line":10,"column":6},"end":{"line":10,"column":68}},"8":{"start":{"line":15,"column":0},"end":{"line":25,"column":1}},"9":{"start":{"line":16,"column":2},"end":{"line":24,"column":17}},"10":{"start":{"line":19,"column":6},"end":{"line":19,"column":116}},"11":{"start":{"line":19,"column":61},"end":{"line":19,"column":116}},"12":{"start":{"line":20,"column":6},"end":{"line":20,"column":42}},"13":{"start":{"line":21,"column":6},"end":{"line":21,"column":66}},"14":{"start":{"line":22,"column":6},"end":{"line":22,"column":73}},"15":{"start":{"line":27,"column":0},"end":{"line":30,"column":2}}},"branchMap":{"1":{"line":19,"type":"if","locations":[{"start":{"line":19,"column":6},"end":{"line":19,"column":6}},{"start":{"line":19,"column":6},"end":{"line":19,"column":6}}]},"2":{"line":19,"type":"binary-expr","locations":[{"start":{"line":19,"column":9},"end":{"line":19,"column":14}},{"start":{"line":19,"column":18},"end":{"line":19,"column":59}}]}}},"/Users/mark/Coding/Learn Maltese/learn-maltese/models/user.js":{"path":"/Users/mark/Coding/Learn Maltese/learn-maltese/models/user.js","s":{"1":1,"2":1,"3":0,"4":0,"5":0,"6":0,"7":0,"8":0,"9":0,"10":0,"11":0,"12":0,"13":0,"14":0,"15":0,"16":0,"17":0,"18":0,"19":0,"20":0,"21":0,"22":0,"23":0,"24":0,"25":0,"26":0},"b":{"1":[0,0],"2":[0,0,0],"3":[0,0]},"f":{"1":0,"2":0,"3":0,"4":0,"5":0,"6":0,"7":0},"fnMap":{"1":{"name":"(anonymous_1)","line":12,"loc":{"start":{"line":12,"column":11},"end":{"line":12,"column":23}}},"2":{"name":"belongsTo","line":18,"loc":{"start":{"line":18,"column":35},"end":{"line":18,"column":60}}},"3":{"name":"(anonymous_3)","line":33,"loc":{"start":{"line":33,"column":11},"end":{"line":33,"column":23}}},"4":{"name":"setPasswordConfirmation","line":42,"loc":{"start":{"line":42,"column":7},"end":{"line":42,"column":62}}},"5":{"name":"checkPassword","line":46,"loc":{"start":{"line":46,"column":27},"end":{"line":46,"column":56}}},"6":{"name":"hashPassword","line":53,"loc":{"start":{"line":53,"column":23},"end":{"line":53,"column":51}}},"7":{"name":"validatePassword","line":61,"loc":{"start":{"line":61,"column":38},"end":{"line":61,"column":74}}}},"statementMap":{"1":{"start":{"line":1,"column":0},"end":{"line":1,"column":37}},"2":{"start":{"line":2,"column":0},"end":{"line":2,"column":33}},"3":{"start":{"line":4,"column":0},"end":{"line":7,"column":3}},"4":{"start":{"line":9,"column":0},"end":{"line":16,"column":3}},"5":{"start":{"line":13,"column":4},"end":{"line":13,"column":20}},"6":{"start":{"line":14,"column":4},"end":{"line":14,"column":20}},"7":{"start":{"line":18,"column":0},"end":{"line":20,"column":2}},"8":{"start":{"line":19,"column":2},"end":{"line":19,"column":42}},"9":{"start":{"line":22,"column":0},"end":{"line":28,"column":3}},"10":{"start":{"line":30,"column":0},"end":{"line":38,"column":3}},"11":{"start":{"line":34,"column":4},"end":{"line":34,"column":20}},"12":{"start":{"line":35,"column":4},"end":{"line":35,"column":20}},"13":{"start":{"line":36,"column":4},"end":{"line":36,"column":25}},"14":{"start":{"line":40,"column":0},"end":{"line":44,"column":5}},"15":{"start":{"line":43,"column":4},"end":{"line":43,"column":54}},"16":{"start":{"line":46,"column":0},"end":{"line":51,"column":3}},"17":{"start":{"line":47,"column":2},"end":{"line":49,"column":3}},"18":{"start":{"line":48,"column":4},"end":{"line":48,"column":70}},"19":{"start":{"line":50,"column":2},"end":{"line":50,"column":9}},"20":{"start":{"line":53,"column":0},"end":{"line":58,"column":3}},"21":{"start":{"line":54,"column":2},"end":{"line":56,"column":3}},"22":{"start":{"line":55,"column":4},"end":{"line":55,"column":74}},"23":{"start":{"line":57,"column":2},"end":{"line":57,"column":9}},"24":{"start":{"line":61,"column":0},"end":{"line":63,"column":2}},"25":{"start":{"line":62,"column":2},"end":{"line":62,"column":53}},"26":{"start":{"line":65,"column":0},"end":{"line":65,"column":52}}},"branchMap":{"1":{"line":47,"type":"if","locations":[{"start":{"line":47,"column":2},"end":{"line":47,"column":2}},{"start":{"line":47,"column":2},"end":{"line":47,"column":2}}]},"2":{"line":47,"type":"binary-expr","locations":[{"start":{"line":47,"column":5},"end":{"line":47,"column":32}},{"start":{"line":47,"column":37},"end":{"line":47,"column":64}},{"start":{"line":47,"column":68},"end":{"line":47,"column":112}}]},"3":{"line":54,"type":"if","locations":[{"start":{"line":54,"column":2},"end":{"line":54,"column":2}},{"start":{"line":54,"column":2},"end":{"line":54,"column":2}}]}}}}