TN:
SF:/Users/mark/Coding/Learn Maltese/learn-maltese/index.js
FNF:0
FNH:0
DA:1,1
DA:2,1
DA:3,1
DA:4,1
DA:5,1
DA:7,1
DA:8,1
DA:9,0
DA:10,0
DA:12,0
DA:13,0
DA:15,0
DA:16,0
DA:17,0
DA:19,0
DA:21,0
DA:22,0
DA:23,0
DA:25,0
DA:27,0
LF:20
LH:7
BRF:0
BRH:0
end_of_record
TN:
SF:/Users/mark/Coding/Learn Maltese/learn-maltese/config/environment.js
FNF:0
FNH:0
DA:1,1
DA:2,1
DA:3,1
DA:5,1
LF:4
LH:4
BRDA:1,1,0,1
BRDA:1,1,1,1
BRDA:2,2,0,1
BRDA:2,2,1,1
BRDA:3,3,0,1
BRDA:3,3,1,1
BRF:6
BRH:6
end_of_record
TN:
SF:/Users/mark/Coding/Learn Maltese/learn-maltese/config/routes.js
FNF:0
FNH:0
DA:1,1
DA:2,1
DA:3,1
DA:4,0
DA:5,0
DA:7,0
DA:11,0
DA:16,0
DA:19,0
DA:22,0
DA:27,0
DA:30,0
DA:33,0
DA:35,0
LF:14
LH:3
BRF:0
BRH:0
end_of_record
TN:
SF:/Users/mark/Coding/Learn Maltese/learn-maltese/controllers/cards.js
FN:3,cardsIndex
FN:11,cardsCreate
FN:18,cardsShow
FN:29,cardsUpdate
FN:36,cardsDelete
FNF:5
FNH:0
FNDA:0,cardsIndex
FNDA:0,cardsCreate
FNDA:0,cardsShow
FNDA:0,cardsUpdate
FNDA:0,cardsDelete
DA:1,1
DA:3,1
DA:4,0
DA:7,0
DA:11,1
DA:12,0
DA:14,0
DA:18,1
DA:19,0
DA:23,0
DA:24,0
DA:29,1
DA:30,0
DA:32,0
DA:36,1
DA:37,0
DA:39,0
DA:43,1
LF:18
LH:7
BRDA:23,1,0,0
BRDA:23,1,1,0
BRF:2
BRH:0
end_of_record
TN:
SF:/Users/mark/Coding/Learn Maltese/learn-maltese/models/card.js
FN:12,(anonymous_1)
FNF:1
FNH:0
FNDA:0,(anonymous_1)
DA:1,1
DA:3,1
DA:9,1
DA:13,0
DA:14,0
DA:18,1
LF:6
LH:4
BRF:0
BRH:0
end_of_record
TN:
SF:/Users/mark/Coding/Learn Maltese/learn-maltese/controllers/auth.js
FN:5,register
FN:15,login
FNF:2
FNH:0
FNDA:0,register
FNDA:0,login
DA:1,1
DA:2,1
DA:3,1
DA:5,1
DA:6,0
DA:9,0
DA:10,0
DA:15,1
DA:16,0
DA:19,0
DA:20,0
DA:21,0
DA:22,0
DA:27,0
LF:14
LH:5
BRDA:19,1,0,0
BRDA:19,1,1,0
BRDA:19,2,0,0
BRDA:19,2,1,0
BRF:4
BRH:0
end_of_record
TN:
SF:/Users/mark/Coding/Learn Maltese/learn-maltese/models/user.js
FN:12,(anonymous_1)
FN:18,belongsTo
FN:33,(anonymous_3)
FN:42,setPasswordConfirmation
FN:46,checkPassword
FN:53,hashPassword
FN:61,validatePassword
FNF:7
FNH:0
FNDA:0,(anonymous_1)
FNDA:0,belongsTo
FNDA:0,(anonymous_3)
FNDA:0,setPasswordConfirmation
FNDA:0,checkPassword
FNDA:0,hashPassword
FNDA:0,validatePassword
DA:1,1
DA:2,1
DA:4,0
DA:9,0
DA:13,0
DA:14,0
DA:18,0
DA:19,0
DA:22,0
DA:30,0
DA:34,0
DA:35,0
DA:36,0
DA:40,0
DA:43,0
DA:46,0
DA:47,0
DA:48,0
DA:50,0
DA:53,0
DA:54,0
DA:55,0
DA:57,0
DA:61,0
DA:62,0
DA:65,0
LF:26
LH:2
BRDA:47,1,0,0
BRDA:47,1,1,0
BRDA:47,2,0,0
BRDA:47,2,1,0
BRDA:47,2,2,0
BRDA:54,3,0,0
BRDA:54,3,1,0
BRF:7
BRH:0
end_of_record
